[INFO] 00:08:33:914 Consola Trace/(11995:11995): HOLAAAAAAAA
[INFO] 00:11:42:832 Consola Trace/(12196:12196): instrucciones.txt
[INFO] 00:17:37:165 Consola Trace/(12599:12599): instrucciones.txt
[INFO] 00:18:14:325 Consola Trace/(12687:12687): instrucciones.txt
[INFO] 00:22:50:218 Consola Trace/(12987:12987): instrucciones.txt
[INFO] 00:28:14:357 Consola Trace/(13347:13347): ˆ$­û
[INFO] 00:30:11:126 Consola Trace/(13513:13513): ˆ$­û
[INFO] 00:46:38:760 Consola Trace/(14647:14647): ˆ$­û
[INFO] 00:47:48:453 Consola Trace/(14764:14764): ˆ$­û
[INFO] 20:33:23:790 Consola Trace/(14042:14042): ˜È
[INFO] 20:34:11:238 Consola Trace/(14199:14199): NO_OP|NO_OP|NO_OP|NO_OP|NO_OP|I/O 3000|READ 0|WRITE 4 42|COPY 0 4|EXIT|
[INFO] 21:59:34:181 Consola Trace/(7455:7455): Preparando Consola!!!
[INFO] 21:59:34:182 Consola Trace/(7455:7455): Leyendo archivo de Pseudocodigo.......
[INFO] 21:59:34:183 Consola Trace/(7455:7455): NO_OP|NO_OP|NO_OP|NO_OP|NO_OP|I/O 3000|READ 0|WRITE 4 42|COPY 0 4|EXIT|
[INFO] 23:57:30:325 Consola Trace/(19188:19188): Preparando la Consola!!!
[INFO] 23:57:30:326 Consola Trace/(19188:19188): Leyendo archivo de Pseudocodigo.......
[INFO] 23:57:30:327 Consola Trace/(19188:19188): NO_OP|NO_OP|NO_OP|NO_OP|NO_OP|I/O 3000|READ 0|WRITE 4 42|COPY 0 4|EXIT|
[INFO] 23:59:32:624 Consola Trace/(19440:19440): Preparando la Consola!!!
[INFO] 23:59:32:626 Consola Trace/(19440:19440): Leyendo archivo de Pseudocodigo.......
[INFO] 23:59:32:627 Consola Trace/(19440:19440): NO_OP|NO_OP|NO_OP|NO_OP|NO_OP|I/O 3000|READ 0|WRITE 4 42|COPY 0 4|EXIT|
[INFO] 00:29:33:573 Consola Trace/(22475:22475): Preparando la Consola!!!
[INFO] 00:29:33:576 Consola Trace/(22475:22475): Leyendo archivo de Pseudocodigo.......
[INFO] 00:29:33:577 Consola Trace/(22475:22475): NO_OP|NO_OP|NO_OP|NO_OP|NO_OP|I/O 3000|READ 0|WRITE 4 42|COPY 0 4|EXIT|
[INFO] 00:31:27:082 Consola Trace/(22681:22681): Preparando la Consola!!!
[INFO] 00:31:27:083 Consola Trace/(22681:22681): Leyendo archivo de Pseudocodigo.......
[INFO] 00:31:27:084 Consola Trace/(22681:22681): NO_OP|NO_OP|NO_OP|NO_OP|NO_OP|I/O 3000|READ 0|WRITE 4 42|COPY 0 4|EXIT|
[INFO] 00:33:06:989 Consola Trace/(22892:22892): Preparando la Consola!!!
[INFO] 00:33:07:000 Consola Trace/(22892:22892): Leyendo archivo de Pseudocodigo.......
[INFO] 00:33:07:001 Consola Trace/(22892:22892): NO_OP|NO_OP|NO_OP|NO_OP|NO_OP|I/O 3000|READ 0|WRITE 4 42|COPY 0 4|EXIT|
[INFO] 00:33:29:491 Consola Trace/(22952:22952): Preparando la Consola!!!
[INFO] 00:33:29:492 Consola Trace/(22952:22952): Leyendo archivo de Pseudocodigo.......
[INFO] 00:33:29:492 Consola Trace/(22952:22952): NO_OP|NO_OP|NO_OP|NO_OP|NO_OP|I/O 3000|READ 0|WRITE 4 42|COPY 0 4|EXIT|
[INFO] 13:18:22:940 Consola Trace/(4954:4954): Preparando la Consola!!!
[INFO] 13:18:22:941 Consola Trace/(4954:4954): Leyendo archivo de Pseudocodigo.......
[INFO] 13:20:23:358 Consola Trace/(5173:5173): Preparando la Consola!!!
[INFO] 13:20:23:359 Consola Trace/(5173:5173): Leyendo archivo de Pseudocodigo.......
[INFO] 13:37:53:128 Consola Trace/(5547:5547): Preparando la Consola!!!
[INFO] 13:37:53:130 Consola Trace/(5547:5547): Leyendo archivo de Pseudocodigo.......
[INFO] 13:41:03:068 Consola Trace/(5950:5950): Preparando la Consola!!!
[INFO] 13:41:03:068 Consola Trace/(5950:5950): Leyendo archivo de Pseudocodigo.......
[INFO] 13:41:03:068 Consola Trace/(5950:5950): NO_OP|NO_OP|NO_OP|NO_OP|NO_OP|I/O 3000|READ 0|WRITE 4 42|COPY 0 4|EXIT|
[INFO] 13:48:56:055 Consola Trace/(6830:6830): Preparando la Consola!!!
[INFO] 13:48:56:059 Consola Trace/(6830:6830): Leyendo archivo de Pseudocodigo.......
[INFO] 13:48:56:059 Consola Trace/(6830:6830): NO_OP|NO_OP|NO_OP|NO_OP|NO_OP|I/O 3000|READ 0|WRITE 4 42|COPY 0 4|EXIT|
[INFO] 13:58:39:787 Consola Trace/(7749:7749): Preparando la Consola!!!
[INFO] 13:58:39:787 Consola Trace/(7749:7749): Leyendo archivo de Pseudocodigo.......
[INFO] 13:58:39:791 Consola Trace/(7749:7749): NO_OP|NO_OP|NO_OP|NO_OP|NO_OP|I/O 3000|READ 0|WRITE 4 42|COPY 0 4|EXIT|
[INFO] 14:05:26:645 Consola Trace/(8504:8504): Preparando la Consola!!!
[INFO] 14:05:26:645 Consola Trace/(8504:8504): Leyendo archivo de Pseudocodigo.......
[INFO] 14:05:26:646 Consola Trace/(8504:8504): NO_OP|NO_OP|NO_OP|NO_OP|NO_OP|I/O 3000|READ 0|WRITE 4 42|COPY 0 4|EXIT|
[INFO] 14:08:53:118 Consola Trace/(8939:8939): Preparando la Consola!!!
[INFO] 14:08:53:120 Consola Trace/(8939:8939): Leyendo archivo de Pseudocodigo.......
[INFO] 14:08:53:120 Consola Trace/(8939:8939): NO_OP|NO_OP|NO_OP|NO_OP|NO_OP|I/O 3000|READ 0|WRITE 4 42|COPY 0 4|EXIT|
[INFO] 14:14:48:943 Consola Trace/(9490:9490): Preparando la Consola!!!
[INFO] 14:14:48:944 Consola Trace/(9490:9490): Leyendo archivo de Pseudocodigo.......
[INFO] 14:14:48:944 Consola Trace/(9490:9490): NO_OP|NO_OP|NO_OP|NO_OP|NO_OP|I/O 3000|READ 0|WRITE 4 42|COPY 0 4|EXIT|
[INFO] 14:22:10:203 Consola Trace/(10159:10159): Preparando la Consola!!!
[INFO] 14:22:10:204 Consola Trace/(10159:10159): Leyendo archivo de Pseudocodigo.......
[INFO] 14:22:10:204 Consola Trace/(10159:10159): NO_OP|NO_OP|NO_OP|NO_OP|NO_OP|I/O 3000|READ 0|WRITE 4 42|COPY 0 4|EXIT|
[INFO] 14:23:02:751 Consola Trace/(10263:10263): Preparando la Consola!!!
[INFO] 14:23:02:752 Consola Trace/(10263:10263): Leyendo archivo de Pseudocodigo.......
[INFO] 14:23:02:752 Consola Trace/(10263:10263): NO_OP|NO_OP|NO_OP|NO_OP|NO_OP|I/O 3000|READ 0|WRITE 4 42|COPY 0 4|EXIT|
[INFO] 16:45:21:157 Consola Trace/(20068:20068): Preparando la Consola!!!
[INFO] 16:45:21:159 Consola Trace/(20068:20068): Leyendo archivo de Pseudocodigo.......
[INFO] 16:45:21:160 Consola Trace/(20068:20068): NO_OP|NO_OP|NO_OP|NO_OP|NO_OP|I/O 3000|READ 0|WRITE 4 42|COPY 0 4|EXIT|
[INFO] 17:22:27:015 Consola Trace/(23156:23156): Preparando la Consola!!!
[INFO] 17:22:27:015 Consola Trace/(23156:23156): Leyendo archivo de Pseudocodigo.......
[INFO] 17:22:27:016 Consola Trace/(23156:23156): NO_OP|NO_OP|NO_OP|NO_OP|NO_OP|I/O 3000|READ 0|WRITE 4 42|COPY 0 4|EXIT|
[INFO] 17:24:01:706 Consola Trace/(23515:23515): Preparando la Consola!!!
[INFO] 17:24:01:708 Consola Trace/(23515:23515): Leyendo archivo de Pseudocodigo.......
[INFO] 17:24:01:708 Consola Trace/(23515:23515): NO_OP|NO_OP|NO_OP|NO_OP|NO_OP|I/O 3000|READ 0|WRITE 4 42|COPY 0 4|EXIT|
[INFO] 17:25:28:084 Consola Trace/(23683:23683): Preparando la Consola!!!
[INFO] 17:25:28:087 Consola Trace/(23683:23683): Leyendo archivo de Pseudocodigo.......
[INFO] 17:25:28:087 Consola Trace/(23683:23683): NO_OP|NO_OP|NO_OP|NO_OP|NO_OP|I/O 3000|READ 0|WRITE 4 42|COPY 0 4|EXIT|
[INFO] 17:26:40:560 Consola Trace/(23872:23872): Preparando la Consola!!!
[INFO] 17:26:40:560 Consola Trace/(23872:23872): Leyendo archivo de Pseudocodigo.......
[INFO] 17:26:40:560 Consola Trace/(23872:23872): NO_OP|NO_OP|NO_OP|NO_OP|NO_OP|I/O 3000|READ 0|WRITE 4 42|COPY 0 4|EXIT|
[INFO] 17:28:17:630 Consola Trace/(24078:24078): Preparando la Consola!!!
[INFO] 17:28:17:631 Consola Trace/(24078:24078): Leyendo archivo de Pseudocodigo.......
[INFO] 17:28:17:631 Consola Trace/(24078:24078): NO_OP|NO_OP|NO_OP|NO_OP|NO_OP|I/O 3000|READ 0|WRITE 4 42|COPY 0 4|EXIT|
[INFO] 17:28:34:866 Consola Trace/(24115:24115): Preparando la Consola!!!
[INFO] 17:28:34:872 Consola Trace/(24115:24115): Leyendo archivo de Pseudocodigo.......
[INFO] 17:28:34:872 Consola Trace/(24115:24115): NO_OP|NO_OP|NO_OP|NO_OP|NO_OP|I/O 3000|READ 0|WRITE 4 42|COPY 0 4|EXIT|
[INFO] 17:46:35:443 Consola Trace/(24744:24744): Preparando la Consola!!!
[INFO] 17:46:35:444 Consola Trace/(24744:24744): Leyendo archivo de Pseudocodigo.......
[INFO] 17:46:35:444 Consola Trace/(24744:24744): NO_OP|NO_OP|NO_OP|NO_OP|NO_OP|I/O 3000|READ 0|WRITE 4 42|COPY 0 4|EXIT|
[INFO] 17:49:22:480 Consola Trace/(25015:25015): Preparando la Consola!!!
[INFO] 17:49:22:480 Consola Trace/(25015:25015): Leyendo archivo de Pseudocodigo.......
[INFO] 17:49:22:480 Consola Trace/(25015:25015): NO_OP|NO_OP|NO_OP|NO_OP|NO_OP|I/O 3000|READ 0|WRITE 4 42|COPY 0 4|EXIT|
[INFO] 17:51:50:447 Consola Trace/(25286:25286): Preparando la Consola!!!
[INFO] 17:51:50:447 Consola Trace/(25286:25286): Leyendo archivo de Pseudocodigo.......
[INFO] 17:51:50:447 Consola Trace/(25286:25286): NO_OP|NO_OP|NO_OP|NO_OP|NO_OP|I/O 3000|READ 0|WRITE 4 42|COPY 0 4|EXIT|
[INFO] 17:53:40:887 Consola Trace/(25519:25519): Preparando la Consola!!!
[INFO] 17:53:40:891 Consola Trace/(25519:25519): Leyendo archivo de Pseudocodigo.......
[INFO] 17:53:40:892 Consola Trace/(25519:25519): NO_OP|NO_OP|NO_OP|NO_OP|NO_OP|I/O 3000|READ 0|WRITE 4 42|COPY 0 4|EXIT|
[INFO] 18:23:59:805 Consola Trace/(28327:28327): Preparando la Consola!!!
[INFO] 18:23:59:805 Consola Trace/(28327:28327): Leyendo archivo de Pseudocodigo.......
[INFO] 18:23:59:807 Consola Trace/(28327:28327): NO_OP|NO_OP|NO_OP|NO_OP|NO_OP|I/O 3000|READ 0|WRITE 4 42|COPY 0 4|EXIT|
[INFO] 18:37:11:971 Consola Trace/(29626:29626): Preparando la Consola!!!
[INFO] 18:37:11:972 Consola Trace/(29626:29626): Leyendo archivo de Pseudocodigo.......
[INFO] 18:37:11:973 Consola Trace/(29626:29626): NO_OP|NO_OP|NO_OP|NO_OP|NO_OP|I/O 3000|READ 0|WRITE 4 42|COPY 0 4|EXIT|
[INFO] 18:38:33:868 Consola Trace/(29817:29817): Preparando la Consola!!!
[INFO] 18:38:33:881 Consola Trace/(29817:29817): Leyendo archivo de Pseudocodigo.......
[INFO] 18:38:33:881 Consola Trace/(29817:29817): NO_OP|NO_OP|NO_OP|NO_OP|NO_OP|I/O 3000|READ 0|WRITE 4 42|COPY 0 4|EXIT|
[INFO] 20:24:51:214 Consola Trace/(6173:6173): Preparando la Consola!!!
[INFO] 20:24:51:215 Consola Trace/(6173:6173): Leyendo archivo de Pseudocodigo.......
[INFO] 20:24:51:216 Consola Trace/(6173:6173): NO_OP|NO_OP|NO_OP|NO_OP|NO_OP|I/O 3000|READ 0|WRITE 4 42|COPY 0 4|EXIT|
[INFO] 20:26:41:545 Consola Trace/(6396:6396): Preparando la Consola!!!
[INFO] 20:26:41:545 Consola Trace/(6396:6396): Leyendo archivo de Pseudocodigo.......
[INFO] 20:26:41:545 Consola Trace/(6396:6396): NO_OP|NO_OP|NO_OP|NO_OP|NO_OP|I/O 3000|READ 0|WRITE 4 42|COPY 0 4|EXIT|
[INFO] 20:30:43:582 Consola Trace/(6850:6850): Preparando la Consola!!!
[INFO] 20:30:43:587 Consola Trace/(6850:6850): Leyendo archivo de Pseudocodigo.......
[INFO] 20:30:43:588 Consola Trace/(6850:6850): NO_OP|NO_OP|NO_OP|NO_OP|NO_OP|I/O 3000|READ 0|WRITE 4 42|COPY 0 4|EXIT|
[INFO] 21:14:12:702 Consola Trace/(11031:11031): Preparando la Consola!!!
[INFO] 21:14:12:704 Consola Trace/(11031:11031): Leyendo archivo de Pseudocodigo.......
[INFO] 21:14:12:705 Consola Trace/(11031:11031): NO_OP|NO_OP|NO_OP|NO_OP|NO_OP|I/O 3000|READ 0|WRITE 4 42|COPY 0 4|EXIT|
[INFO] 21:21:47:389 Consola Trace/(11938:11938): Preparando la Consola!!!
[INFO] 21:21:47:398 Consola Trace/(11938:11938): Leyendo archivo de Pseudocodigo.......
[INFO] 21:21:47:400 Consola Trace/(11938:11938): NO_OP|NO_OP|NO_OP|NO_OP|NO_OP|I/O 3000|READ 0|WRITE 4 42|COPY 0 4|EXIT|
[INFO] 21:27:45:049 Consola Trace/(12477:12477): Preparando la Consola!!!
[INFO] 21:27:45:065 Consola Trace/(12477:12477): Leyendo archivo de Pseudocodigo.......
[INFO] 21:27:45:066 Consola Trace/(12477:12477): NO_OP|NO_OP|NO_OP|NO_OP|NO_OP|I/O 3000|READ 0|WRITE 4 42|COPY 0 4|EXIT|
[INFO] 21:33:02:574 Consola Trace/(12907:12907): Preparando la Consola!!!
[INFO] 21:33:02:579 Consola Trace/(12907:12907): Leyendo archivo de Pseudocodigo.......
[INFO] 21:33:02:580 Consola Trace/(12907:12907): NO_OP|NO_OP|NO_OP|NO_OP|NO_OP|I/O 3000|READ 0|WRITE 4 42|COPY 0 4|EXIT|
[INFO] 21:33:52:187 Consola Trace/(13006:13006): Preparando la Consola!!!
[INFO] 21:33:52:198 Consola Trace/(13006:13006): Leyendo archivo de Pseudocodigo.......
[INFO] 21:33:52:200 Consola Trace/(13006:13006): NO_OP|NO_OP|NO_OP|NO_OP|NO_OP|I/O 3000|READ 0|WRITE 4 42|COPY 0 4|EXIT|
[INFO] 21:40:07:307 Consola Trace/(13402:13402): Preparando la Consola!!!
[INFO] 21:40:07:309 Consola Trace/(13402:13402): Leyendo archivo de Pseudocodigo.......
[INFO] 21:40:07:310 Consola Trace/(13402:13402): NO_OP|NO_OP|NO_OP|NO_OP|NO_OP|I/O 3000|READ 0|WRITE 4 42|COPY 0 4|EXIT|
[INFO] 21:42:51:069 Consola Trace/(13624:13624): Preparando la Consola!!!
[INFO] 21:42:51:286 Consola Trace/(13624:13624): Leyendo archivo de Pseudocodigo.......
[INFO] 21:42:51:287 Consola Trace/(13624:13624): NO_OP|NO_OP|NO_OP|NO_OP|NO_OP|I/O 3000|READ 0|WRITE 4 42|COPY 0 4|EXIT|
[INFO] 21:44:32:359 Consola Trace/(13782:13782): Preparando la Consola!!!
[INFO] 21:44:32:360 Consola Trace/(13782:13782): Leyendo archivo de Pseudocodigo.......
[INFO] 21:44:32:361 Consola Trace/(13782:13782): NO_OP|NO_OP|NO_OP|NO_OP|NO_OP|I/O 3000|READ 0|WRITE 4 42|COPY 0 4|EXIT|
[INFO] 21:46:56:231 Consola Trace/(13935:13935): Preparando la Consola!!!
[INFO] 21:46:56:232 Consola Trace/(13935:13935): Leyendo archivo de Pseudocodigo.......
[INFO] 21:46:56:234 Consola Trace/(13935:13935): NO_OP|NO_OP|NO_OP|NO_OP|NO_OP|I/O 3000|READ 0|WRITE 4 42|COPY 0 4|EXIT|
[INFO] 21:47:58:358 Consola Trace/(14029:14029): Preparando la Consola!!!
[INFO] 21:47:58:359 Consola Trace/(14029:14029): Leyendo archivo de Pseudocodigo.......
[INFO] 21:47:58:360 Consola Trace/(14029:14029): NO_OP|NO_OP|NO_OP|NO_OP|NO_OP|I/O 3000|READ 0|WRITE 4 42|COPY 0 4|EXIT|
[INFO] 22:06:26:528 Consola Trace/(15234:15234): Preparando la Consola!!!
[INFO] 22:06:26:566 Consola Trace/(15234:15234): Leyendo archivo de Pseudocodigo.......
[INFO] 22:06:26:567 Consola Trace/(15234:15234): NO_OP|NO_OP|NO_OP|NO_OP|NO_OP|I/O 3000|READ 0|WRITE 4 42|COPY 0 4|EXIT|
[INFO] 22:11:56:450 Consola Trace/(15564:15564): Preparando la Consola!!!
[INFO] 22:11:56:455 Consola Trace/(15564:15564): Leyendo archivo de Pseudocodigo.......
[INFO] 22:11:56:458 Consola Trace/(15564:15564): NO_OP|NO_OP|NO_OP|NO_OP|NO_OP|I/O 3000|READ 0|WRITE 4 42|COPY 0 4|EXIT|
[INFO] 22:19:52:316 Consola Trace/(15998:15998): Preparando la Consola!!!
[INFO] 22:19:52:361 Consola Trace/(15998:15998): Leyendo archivo de Pseudocodigo.......
[INFO] 22:19:52:362 Consola Trace/(15998:15998): NO_OP|NO_OP|NO_OP|NO_OP|NO_OP|I/O 3000|READ 0|WRITE 4 42|COPY 0 4|EXIT|
[INFO] 22:48:48:388 Consola Trace/(17596:17596): Preparando la Consola!!!
[INFO] 22:48:48:412 Consola Trace/(17596:17596): Leyendo archivo de Pseudocodigo.......
[INFO] 22:48:48:413 Consola Trace/(17596:17596): NO_OP|NO_OP|NO_OP|NO_OP|NO_OP|I/O 3000|READ 0|WRITE 4 42|COPY 0 4|EXIT|
[INFO] 22:51:20:763 Consola Trace/(17788:17788): Preparando la Consola!!!
[INFO] 22:51:20:764 Consola Trace/(17788:17788): Leyendo archivo de Pseudocodigo.......
[INFO] 22:51:20:765 Consola Trace/(17788:17788): NO_OP|NO_OP|NO_OP|NO_OP|NO_OP|I/O 3000|READ 0|WRITE 4 42|COPY 0 4|EXIT|
[INFO] 23:26:25:223 Consola Trace/(19679:19679): Preparando la Consola!!!
[INFO] 23:26:25:231 Consola Trace/(19679:19679): Leyendo archivo de Pseudocodigo.......
[INFO] 23:26:25:237 Consola Trace/(19679:19679): NO_OP|NO_OP|NO_OP|NO_OP|NO_OP|I/O 3000|READ 0|WRITE 4 42|COPY 0 4|EXIT|
[INFO] 23:35:01:462 Consola Trace/(20176:20176): Preparando la Consola!!!
[INFO] 23:35:01:469 Consola Trace/(20176:20176): Leyendo archivo de Pseudocodigo.......
[INFO] 23:35:01:473 Consola Trace/(20176:20176): NO_OP|NO_OP|NO_OP|NO_OP|NO_OP|I/O 3000|READ 0|WRITE 4 42|COPY 0 4|EXIT|
[INFO] 23:41:11:478 Consola Trace/(20516:20516): Preparando la Consola!!!
[INFO] 23:41:11:488 Consola Trace/(20516:20516): Leyendo archivo de Pseudocodigo.......
[INFO] 23:41:11:490 Consola Trace/(20516:20516): NO_OP|NO_OP|NO_OP|NO_OP|NO_OP|I/O 3000|READ 0|WRITE 4 42|COPY 0 4|EXIT|
[INFO] 23:41:56:299 Consola Trace/(20609:20609): Preparando la Consola!!!
[INFO] 23:41:56:302 Consola Trace/(20609:20609): Leyendo archivo de Pseudocodigo.......
[INFO] 23:41:56:304 Consola Trace/(20609:20609): NO_OP|NO_OP|NO_OP|NO_OP|NO_OP|I/O 3000|READ 0|WRITE 4 42|COPY 0 4|EXIT|
[INFO] 00:02:52:807 Consola Trace/(21825:21825): Preparando la Consola!!!
[INFO] 00:02:52:859 Consola Trace/(21825:21825): Leyendo archivo de Pseudocodigo.......
[INFO] 00:02:52:889 Consola Trace/(21825:21825): NO_OP|NO_OP|NO_OP|NO_OP|NO_OP|I/O 3000|READ 0|WRITE 4 42|COPY 0 4|EXIT|
[INFO] 00:05:11:690 Consola Trace/(21983:21983): Preparando la Consola!!!
[INFO] 00:05:11:692 Consola Trace/(21983:21983): Leyendo archivo de Pseudocodigo.......
[INFO] 00:05:11:694 Consola Trace/(21983:21983): NO_OP|NO_OP|NO_OP|NO_OP|NO_OP|I/O 3000|READ 0|WRITE 4 42|COPY 0 4|EXIT|
[INFO] 00:07:27:411 Consola Trace/(22202:22202): Preparando la Consola!!!
[INFO] 00:07:27:412 Consola Trace/(22202:22202): Leyendo archivo de Pseudocodigo.......
[INFO] 00:07:27:413 Consola Trace/(22202:22202): NO_OP|NO_OP|NO_OP|NO_OP|NO_OP|I/O 3000|READ 0|WRITE 4 42|COPY 0 4|EXIT|
[INFO] 00:10:20:398 Consola Trace/(22426:22426): Preparando la Consola!!!
[INFO] 00:10:20:446 Consola Trace/(22426:22426): Leyendo archivo de Pseudocodigo.......
[INFO] 00:10:20:448 Consola Trace/(22426:22426): NO_OP|NO_OP|NO_OP|NO_OP|NO_OP|I/O 3000|READ 0|WRITE 4 42|COPY 0 4|EXIT|
[INFO] 00:12:16:528 Consola Trace/(22583:22583): Preparando la Consola!!!
[INFO] 00:12:16:538 Consola Trace/(22583:22583): Leyendo archivo de Pseudocodigo.......
[INFO] 00:12:16:539 Consola Trace/(22583:22583): NO_OP|NO_OP|NO_OP|NO_OP|NO_OP|I/O 3000|READ 0|WRITE 4 42|COPY 0 4|EXIT|
[INFO] 17:48:04:842 Consola Trace/(5593:5593): Preparando la Consola!!!
[INFO] 17:48:04:843 Consola Trace/(5593:5593): Leyendo archivo de Pseudocodigo.......
[INFO] 17:48:04:844 Consola Trace/(5593:5593): NO_OP|NO_OP|NO_OP|NO_OP|NO_OP|I/O 3000|READ 0|WRITE 4 42|COPY 0 4|EXIT|
[INFO] 17:59:59:095 Consola Trace/(6682:6682): Preparando la Consola!!!
[INFO] 17:59:59:097 Consola Trace/(6682:6682): Leyendo archivo de Pseudocodigo.......
[INFO] 17:59:59:097 Consola Trace/(6682:6682): NO_OP|NO_OP|NO_OP|NO_OP|NO_OP|I/O 3000|READ 0|WRITE 4 42|COPY 0 4|EXIT|
[INFO] 23:05:44:602 Consola Trace/(18884:18884): Preparando la Consola!!!
[INFO] 23:05:44:605 Consola Trace/(18884:18884): Leyendo archivo de Pseudocodigo.......
[INFO] 23:05:44:606 Consola Trace/(18884:18884): NO_OP|NO_OP|NO_OP|NO_OP|NO_OP|I/O 3000|READ 0|WRITE 4 42|COPY 0 4|EXIT|
[INFO] 23:07:51:389 Consola Trace/(19021:19021): Preparando la Consola!!!
[INFO] 23:07:51:392 Consola Trace/(19021:19021): Leyendo archivo de Pseudocodigo.......
[INFO] 23:07:51:392 Consola Trace/(19021:19021): NO_OP|NO_OP|NO_OP|NO_OP|NO_OP|I/O 3000|READ 0|WRITE 4 42|COPY 0 4|EXIT|
