[INFO] 13:48:56:985 Kernel/(8527:8527): Escuchando en 127.0.0.1:8000 (Kernel)

[INFO] 13:48:56:986 Kernel/(8527:8527): Kernel listo para recibir instrucciones
[INFO] 14:54:28:109 Kernel/(12203:12203): Escuchando en 127.0.0.1:8000 (Kernel)

[INFO] 14:54:28:110 Kernel/(12203:12203): Kernel listo para recibir instrucciones
[INFO] 14:56:37:358 Kernel/(12249:12249): Escuchando en 127.0.0.1:8000 (Kernel)

[INFO] 14:56:37:358 Kernel/(12249:12249): Kernel listo para recibir instrucciones
[INFO] 16:37:07:220 Kernel/(16806:16806): Escuchando en 127.0.0.1:8000 (Kernel)

[INFO] 16:37:07:223 Kernel/(16806:16806): Kernel listo para recibir instrucciones
[INFO] 16:50:30:023 Kernel/(16806:16806): Consola conectada (a Kernel)

[INFO] 19:11:21:846 Kernel/(20036:20036): Escuchando en 127.0.0.1:8000 (Kernel)

[INFO] 19:11:21:846 Kernel/(20036:20036): Kernel listo para recibir instrucciones
[INFO] 19:12:34:428 Kernel/(20058:20058): Escuchando en 127.0.0.1:8000 (Kernel)

[INFO] 19:12:34:428 Kernel/(20058:20058): Kernel listo para recibir instrucciones
[INFO] 23:00:57:239 Kernel/(29791:29791): Escuchando en 127.0.0.1:8000 (Kernel)

[INFO] 23:00:57:241 Kernel/(29791:29791): Kernel listo para recibir instrucciones
[INFO] 23:13:12:254 Kernel/(30204:30204): Kernel listo para recibir instrucciones
[INFO] 23:13:12:259 Kernel/(30204:30204): Consola conectada (a Kernel)

[INFO] 23:13:27:478 Kernel/(30214:30214): Kernel listo para recibir instrucciones
[INFO] 23:13:27:485 Kernel/(30214:30214): Consola conectada (a Kernel)

[INFO] 23:15:53:178 Kernel/(30238:30238): Escuchando en 127.0.0.1:8000 (Kernel)

[INFO] 23:15:53:179 Kernel/(30238:30238): Kernel listo para recibir instrucciones
[INFO] 23:27:04:604 Kernel/(30678:30678): Kernel listo para recibir instrucciones
[INFO] 23:29:06:161 Kernel/(30724:30724): Kernel listo para recibir instrucciones
[INFO] 23:31:23:528 Kernel/(30828:30828): Kernel listo para recibir instrucciones
[INFO] 23:32:36:869 Kernel/(30883:30883): Kernel listo para recibir instrucciones
[INFO] 23:39:15:136 Kernel/(31128:31128): Kernel listo para recibir instrucciones
[INFO] 23:39:22:267 Kernel/(30883:30883): Consola conectada (a Kernel)

[ERROR] 23:39:22:325 Kernel/(30883:31278): Algo anduvo mal en el Kernel
[INFO] 23:39:22:326 Kernel/(30883:31278): Cop: -1208854528
[INFO] 23:40:43:427 Kernel/(31338:31338): Kernel listo para recibir instrucciones
[INFO] 23:40:49:479 Kernel/(31338:31338): Consola conectada (a Kernel)

[ERROR] 23:40:49:499 Kernel/(31338:31369): Algo anduvo mal en el Kernel
[INFO] 23:40:49:499 Kernel/(31338:31369): Cop: -1208854528
[INFO] 23:55:07:028 Kernel/(31952:31952): Kernel listo para recibir instrucciones
[INFO] 23:55:18:482 Kernel/(31952:31952): Consola conectada (a Kernel)

[INFO] 23:55:44:417 Kernel/(31952:31972): INFORMACION RECIBIDA CORRECTAMENTE
[INFO] 23:56:37:391 Kernel/(31952:31972): Me llego el mensaje Q
[INFO] 23:56:43:245 Kernel/(31952:31972): Tamanio de proceso 100
[INFO] 23:59:53:793 Kernel/(32070:32070): Kernel listo para recibir instrucciones
[INFO] 00:00:07:581 Kernel/(32070:32070): Consola conectada (a Kernel)

[INFO] 00:00:07:618 Kernel/(32070:32090): INFORMACION RECIBIDA CORRECTAMENTE
[INFO] 00:00:07:618 Kernel/(32070:32090): Me llego el mensaje Q
[INFO] 00:00:07:618 Kernel/(32070:32090): Tamanio de proceso 100
[INFO] 00:01:06:050 Kernel/(32179:32179): Kernel listo para recibir instrucciones
[INFO] 00:01:15:257 Kernel/(32179:32179): Consola conectada (a Kernel)

[INFO] 00:06:49:802 Kernel/(32333:32333): Kernel listo para recibir instrucciones
[INFO] 00:06:56:256 Kernel/(32333:32333): Consola conectada (a Kernel)

[INFO] 00:08:17:716 Kernel/(32417:32417): Kernel listo para recibir instrucciones
[INFO] 00:08:25:319 Kernel/(32417:32417): Consola conectada (a Kernel)

[INFO] 00:09:28:954 Kernel/(32417:32445): INFORMACION RECIBIDA CORRECTAMENTE
[INFO] 00:09:28:954 Kernel/(32417:32445): Me llego el mensaje Q
[INFO] 00:09:28:954 Kernel/(32417:32445): Tamanio de proceso 100
